2018-05-22T01:00:22.994Z '--------Start Mailer2--------'
2018-06-01T03:30:45.787Z '--------Start Mailer2--------'
{ accepted: [ 'shafiq@cabdigital.com.au' ],
  rejected: [],
  envelopeTime: 168,
  messageTime: 1606,
  messageSize: 907,
  response: '250 Ok: queued as ',
  envelope: { from: 'xyxy0202@qq.com', to: [ 'shafiq@cabdigital.com.au' ] },
  messageId: '<a4b39f28-1b67-f6d7-4878-505624547a65@qq.com>' }
{ accepted: [ 'hw@xixunled.com' ],
  rejected: [],
  envelopeTime: 180,
  messageTime: 1308,
  messageSize: 1198,
  response: '250 Ok: queued as ',
  envelope: { from: 'xyxy0202@qq.com', to: [ 'hw@xixunled.com' ] },
  messageId: '<2b0861c8-580f-9887-0ae1-abbcd7fb38a8@qq.com>' }
2018-06-13T11:38:49.750Z '--------Start Mailer2--------'
2018-06-20T01:11:06.464Z '--------Start Mailer2--------'
2018-06-21T02:07:45.766Z '--------Start Mailer2--------'
{ accepted: [ 'zt@xixunled.com' ],
  rejected: [],
  envelopeTime: 202,
  messageTime: 1179,
  messageSize: 1198,
  response: '250 Ok: queued as ',
  envelope: { from: 'xyxy0202@qq.com', to: [ 'zt@xixunled.com' ] },
  messageId: '<e3f6dc23-911a-2d31-2d92-af5e62a4165d@qq.com>' }
2018-06-26T10:26:29.400Z '--------Start Mailer2--------'
2018-06-27T01:43:48.617Z '--------Start Mailer2--------'
{ accepted: [ '1216607463@qq.com' ],
  rejected: [],
  envelopeTime: 168,
  messageTime: 1203,
  messageSize: 1200,
  response: '250 Ok: queued as ',
  envelope: { from: 'xyxy0202@qq.com', to: [ '1216607463@qq.com' ] },
  messageId: '<f2a3cc21-98e2-a73c-e06c-dcdb7394d5b1@qq.com>' }
{ accepted: [ 'sajid@cabdigital.com.au' ],
  rejected: [],
  envelopeTime: 195,
  messageTime: 1036,
  messageSize: 908,
  response: '250 Ok: queued as ',
  envelope: { from: 'xyxy0202@qq.com', to: [ 'sajid@cabdigital.com.au' ] },
  messageId: '<7a186553-2d9a-952b-17eb-fb11070fa893@qq.com>' }
2018-07-04T01:05:06.366Z '--------Start Mailer2--------'
2018-07-26T03:19:50.883Z '--------Start Mailer2--------'
{ accepted: [ '1991521105@qq.com' ],
  rejected: [],
  envelopeTime: 143,
  messageTime: 956,
  messageSize: 1178,
  response: '250 Ok: queued as ',
  envelope: { from: 'xyxy0202@qq.com', to: [ '1991521105@qq.com' ] },
  messageId: '<3a293b59-a420-7990-39f3-fe963eb630ce@qq.com>' }
